# JRE version: OpenJDK Runtime Environment (17.0.10) (build 17.0.10+0--11609105)
# Java VM: OpenJDK 64-Bit Server VM (17.0.10+0--11609105, mixed mode, tiered, compressed oops, compressed class ptrs, g1 gc, windows-amd64)
GC Precious Log:
 CPUs: 4 total, 4 available
 Memory: 7900M
 Large Page Support: Disabled
 NUMA Support: Disabled
 Compressed Oops: Enabled (32-bit)
 Heap Region Size: 1M
 Heap Min Capacity: 8M
 Heap Initial Capacity: 124M
 Heap Max Capacity: 2G
 Pre-touch: Disabled
 Parallel Workers: 4
 Concurrent Workers: 1
 Concurrent Refinement Workers: 4
 Periodic GC: Disabled
Heap:
 garbage-first heap   total 428032K, used 225907K [0x0000000080000000, 0x0000000100000000)
  region size 1024K, 8 young (8192K), 8 survivors (8192K)
 Metaspace       used 166642K, committed 168448K, reserved 1245184K
  class space    used 21857K, committed 22912K, reserved 1048576K
GC Heap History (20 events):
Event: 13892.002 GC heap after
{Heap after GC invocations=94 (full 0):
 garbage-first heap   total 415744K, used 163461K [0x0000000080000000, 0x0000000100000000)
  region size 1024K, 2 young (2048K), 2 survivors (2048K)
 Metaspace       used 152217K, committed 153984K, reserved 1245184K
  class space    used 20310K, committed 21184K, reserved 1048576K
}
Event: 13895.388 GC heap before
{Heap before GC invocations=94 (full 0):
 garbage-first heap   total 415744K, used 338565K [0x0000000080000000, 0x0000000100000000)
  region size 1024K, 173 young (177152K), 2 survivors (2048K)
 Metaspace       used 152217K, committed 153984K, reserved 1245184K
  class space    used 20310K, committed 21184K, reserved 1048576K
}
Event: 13895.403 GC heap after
{Heap after GC invocations=95 (full 0):
 garbage-first heap   total 415744K, used 169975K [0x0000000080000000, 0x0000000100000000)
  region size 1024K, 9 young (9216K), 9 survivors (9216K)
 Metaspace       used 152217K, committed 153984K, reserved 1245184K
  class space    used 20310K, committed 21184K, reserved 1048576K
}
Event: 13899.006 GC heap before
{Heap before GC invocations=96 (full 0):
 garbage-first heap   total 415744K, used 339959K [0x0000000080000000, 0x0000000100000000)
  region size 1024K, 175 young (179200K), 9 survivors (9216K)
 Metaspace       used 152208K, committed 153984K, reserved 1245184K
  class space    used 20308K, committed 21184K, reserved 1048576K
}
Event: 13899.030 GC heap after
{Heap after GC invocations=97 (full 0):
 garbage-first heap   total 415744K, used 176093K [0x0000000080000000, 0x0000000100000000)
  region size 1024K, 15 young (15360K), 15 survivors (15360K)
 Metaspace       used 152208K, committed 153984K, reserved 1245184K
  class space    used 20308K, committed 21184K, reserved 1048576K
}
Event: 13899.082 GC heap before
{Heap before GC invocations=97 (full 0):
 garbage-first heap   total 415744K, used 180189K [0x0000000080000000, 0x0000000100000000)
  region size 1024K, 20 young (20480K), 15 survivors (15360K)
 Metaspace       used 152208K, committed 153984K, reserved 1245184K
  class space    used 20308K, committed 21184K, reserved 1048576K
}
Event: 13899.117 GC heap after
{Heap after GC invocations=98 (full 0):
 garbage-first heap   total 415744K, used 172378K [0x0000000080000000, 0x0000000100000000)
  region size 1024K, 3 young (3072K), 3 survivors (3072K)
 Metaspace       used 152208K, committed 153984K, reserved 1245184K
  class space    used 20308K, committed 21184K, reserved 1048576K
}
Event: 13901.161 GC heap before
{Heap before GC invocations=98 (full 0):
 garbage-first heap   total 415744K, used 341338K [0x0000000080000000, 0x0000000100000000)
  region size 1024K, 168 young (172032K), 3 survivors (3072K)
 Metaspace       used 152208K, committed 153984K, reserved 1245184K
  class space    used 20308K, committed 21184K, reserved 1048576K
}
Event: 13901.175 GC heap after
{Heap after GC invocations=99 (full 0):
 garbage-first heap   total 415744K, used 177397K [0x0000000080000000, 0x0000000100000000)
  region size 1024K, 8 young (8192K), 8 survivors (8192K)
 Metaspace       used 152208K, committed 153984K, reserved 1245184K
  class space    used 20308K, committed 21184K, reserved 1048576K
}
Event: 13906.868 GC heap before
{Heap before GC invocations=100 (full 0):
 garbage-first heap   total 415744K, used 344309K [0x0000000080000000, 0x0000000100000000)
  region size 1024K, 170 young (174080K), 8 survivors (8192K)
 Metaspace       used 159201K, committed 161088K, reserved 1245184K
  class space    used 21098K, committed 22016K, reserved 1048576K
}
Event: 13906.909 GC heap after
{Heap after GC invocations=101 (full 0):
 garbage-first heap   total 415744K, used 187403K [0x0000000080000000, 0x0000000100000000)
  region size 1024K, 18 young (18432K), 18 survivors (18432K)
 Metaspace       used 159201K, committed 161088K, reserved 1245184K
  class space    used 21098K, committed 22016K, reserved 1048576K
}
Event: 13907.007 GC heap before
{Heap before GC invocations=101 (full 0):
 garbage-first heap   total 415744K, used 189451K [0x0000000080000000, 0x0000000100000000)
  region size 1024K, 20 young (20480K), 18 survivors (18432K)
 Metaspace       used 159336K, committed 161280K, reserved 1245184K
  class space    used 21128K, committed 22080K, reserved 1048576K
}
Event: 13907.052 GC heap after
{Heap after GC invocations=102 (full 0):
 garbage-first heap   total 415744K, used 184948K [0x0000000080000000, 0x0000000100000000)
  region size 1024K, 2 young (2048K), 2 survivors (2048K)
 Metaspace       used 159336K, committed 161280K, reserved 1245184K
  class space    used 21128K, committed 22080K, reserved 1048576K
}
Event: 18614.835 GC heap before
{Heap before GC invocations=102 (full 0):
 garbage-first heap   total 415744K, used 341620K [0x0000000080000000, 0x0000000100000000)
  region size 1024K, 155 young (158720K), 2 survivors (2048K)
 Metaspace       used 165258K, committed 167232K, reserved 1245184K
  class space    used 21897K, committed 22848K, reserved 1048576K
}
Event: 18614.977 GC heap after
{Heap after GC invocations=103 (full 0):
 garbage-first heap   total 415744K, used 187774K [0x0000000080000000, 0x0000000100000000)
  region size 1024K, 5 young (5120K), 5 survivors (5120K)
 Metaspace       used 165258K, committed 167232K, reserved 1245184K
  class space    used 21897K, committed 22848K, reserved 1048576K
}
Event: 19306.223 GC heap before
{Heap before GC invocations=104 (full 0):
 garbage-first heap   total 415744K, used 353662K [0x0000000080000000, 0x0000000100000000)
  region size 1024K, 158 young (161792K), 5 survivors (5120K)
 Metaspace       used 166592K, committed 168384K, reserved 1245184K
  class space    used 21854K, committed 22912K, reserved 1048576K
}
Event: 19306.338 GC heap after
{Heap after GC invocations=105 (full 0):
 garbage-first heap   total 415744K, used 220528K [0x0000000080000000, 0x0000000100000000)
  region size 1024K, 20 young (20480K), 20 survivors (20480K)
 Metaspace       used 166592K, committed 168384K, reserved 1245184K
  class space    used 21854K, committed 22912K, reserved 1048576K
}
Event: 19306.353 GC heap before
{Heap before GC invocations=105 (full 0):
 garbage-first heap   total 415744K, used 221552K [0x0000000080000000, 0x0000000100000000)
  region size 1024K, 21 young (21504K), 20 survivors (20480K)
 Metaspace       used 166592K, committed 168384K, reserved 1245184K
  class space    used 21854K, committed 22912K, reserved 1048576K
}
Event: 19306.413 GC heap after
{Heap after GC invocations=106 (full 0):
 garbage-first heap   total 415744K, used 220160K [0x0000000080000000, 0x0000000100000000)
  region size 1024K, 2 young (2048K), 2 survivors (2048K)
 Metaspace       used 166592K, committed 168384K, reserved 1245184K
  class space    used 21854K, committed 22912K, reserved 1048576K
}
Event: 19306.771 GC heap before
{Heap before GC invocations=106 (full 0):
 garbage-first heap   total 415744K, used 238592K [0x0000000080000000, 0x0000000100000000)
  region size 1024K, 22 young (22528K), 2 survivors (2048K)
 Metaspace       used 166642K, committed 168448K, reserved 1245184K
  class space    used 21857K, committed 22912K, reserved 1048576K
}

