# JRE version: OpenJDK Runtime Environment (17.0.10) (build 17.0.10+0--11609105)
# Java VM: OpenJDK 64-Bit Server VM (17.0.10+0--11609105, mixed mode, tiered, compressed oops, compressed class ptrs, g1 gc, windows-amd64)
GC Precious Log:
 CPUs: 4 total, 4 available
 Memory: 7900M
 Large Page Support: Disabled
 NUMA Support: Disabled
 Compressed Oops: Enabled (32-bit)
 Heap Region Size: 1M
 Heap Min Capacity: 8M
 Heap Initial Capacity: 124M
 Heap Max Capacity: 2G
 Pre-touch: Disabled
 Parallel Workers: 4
 Concurrent Workers: 1
 Concurrent Refinement Workers: 4
 Periodic GC: Disabled
Heap:
 garbage-first heap   total 159744K, used 99586K [0x0000000080000000, 0x0000000100000000)
  region size 1024K, 39 young (39936K), 3 survivors (3072K)
 Metaspace       used 76959K, committed 77568K, reserved 1179648K
  class space    used 10370K, committed 10688K, reserved 1048576K
GC Heap History (20 events):
Event: 15.965 GC heap before
{Heap before GC invocations=20 (full 0):
 garbage-first heap   total 82944K, used 63958K [0x0000000080000000, 0x0000000100000000)
  region size 1024K, 29 young (29696K), 3 survivors (3072K)
 Metaspace       used 56686K, committed 57216K, reserved 1114112K
  class space    used 7767K, committed 8000K, reserved 1048576K
}
Event: 15.976 GC heap after
{Heap after GC invocations=21 (full 0):
 garbage-first heap   total 82944K, used 40847K [0x0000000080000000, 0x0000000100000000)
  region size 1024K, 4 young (4096K), 4 survivors (4096K)
 Metaspace       used 56686K, committed 57216K, reserved 1114112K
  class space    used 7767K, committed 8000K, reserved 1048576K
}
Event: 16.098 GC heap before
{Heap before GC invocations=21 (full 0):
 garbage-first heap   total 82944K, used 42895K [0x0000000080000000, 0x0000000100000000)
  region size 1024K, 7 young (7168K), 4 survivors (4096K)
 Metaspace       used 56752K, committed 57344K, reserved 1114112K
  class space    used 7772K, committed 8064K, reserved 1048576K
}
Event: 16.105 GC heap after
{Heap after GC invocations=22 (full 0):
 garbage-first heap   total 82944K, used 41673K [0x0000000080000000, 0x0000000100000000)
  region size 1024K, 1 young (1024K), 1 survivors (1024K)
 Metaspace       used 56752K, committed 57344K, reserved 1114112K
  class space    used 7772K, committed 8064K, reserved 1048576K
}
Event: 16.663 GC heap before
{Heap before GC invocations=23 (full 0):
 garbage-first heap   total 82944K, used 70345K [0x0000000080000000, 0x0000000100000000)
  region size 1024K, 24 young (24576K), 1 survivors (1024K)
 Metaspace       used 58120K, committed 58688K, reserved 1114112K
  class space    used 7976K, committed 8256K, reserved 1048576K
}
Event: 16.668 GC heap after
{Heap after GC invocations=24 (full 0):
 garbage-first heap   total 82944K, used 52181K [0x0000000080000000, 0x0000000100000000)
  region size 1024K, 3 young (3072K), 3 survivors (3072K)
 Metaspace       used 58120K, committed 58688K, reserved 1114112K
  class space    used 7976K, committed 8256K, reserved 1048576K
}
Event: 16.678 GC heap before
{Heap before GC invocations=24 (full 0):
 garbage-first heap   total 82944K, used 52181K [0x0000000080000000, 0x0000000100000000)
  region size 1024K, 4 young (4096K), 3 survivors (3072K)
 Metaspace       used 58160K, committed 58752K, reserved 1114112K
  class space    used 7981K, committed 8256K, reserved 1048576K
}
Event: 16.680 GC heap after
{Heap after GC invocations=25 (full 0):
 garbage-first heap   total 82944K, used 52044K [0x0000000080000000, 0x0000000100000000)
  region size 1024K, 1 young (1024K), 1 survivors (1024K)
 Metaspace       used 58160K, committed 58752K, reserved 1114112K
  class space    used 7981K, committed 8256K, reserved 1048576K
}
Event: 16.704 GC heap before
{Heap before GC invocations=25 (full 0):
 garbage-first heap   total 82944K, used 54092K [0x0000000080000000, 0x0000000100000000)
  region size 1024K, 4 young (4096K), 1 survivors (1024K)
 Metaspace       used 58304K, committed 58880K, reserved 1114112K
  class space    used 7993K, committed 8256K, reserved 1048576K
}
Event: 16.706 GC heap after
{Heap after GC invocations=26 (full 0):
 garbage-first heap   total 82944K, used 52506K [0x0000000080000000, 0x0000000100000000)
  region size 1024K, 1 young (1024K), 1 survivors (1024K)
 Metaspace       used 58304K, committed 58880K, reserved 1114112K
  class space    used 7993K, committed 8256K, reserved 1048576K
}
Event: 17.024 GC heap before
{Heap before GC invocations=27 (full 0):
 garbage-first heap   total 97280K, used 65818K [0x0000000080000000, 0x0000000100000000)
  region size 1024K, 13 young (13312K), 1 survivors (1024K)
 Metaspace       used 59244K, committed 59840K, reserved 1114112K
  class space    used 8117K, committed 8384K, reserved 1048576K
}
Event: 17.027 GC heap after
{Heap after GC invocations=28 (full 0):
 garbage-first heap   total 97280K, used 53862K [0x0000000080000000, 0x0000000100000000)
  region size 1024K, 1 young (1024K), 1 survivors (1024K)
 Metaspace       used 59244K, committed 59840K, reserved 1114112K
  class space    used 8117K, committed 8384K, reserved 1048576K
}
Event: 17.105 GC heap before
{Heap before GC invocations=28 (full 0):
 garbage-first heap   total 97280K, used 56934K [0x0000000080000000, 0x0000000100000000)
  region size 1024K, 4 young (4096K), 1 survivors (1024K)
 Metaspace       used 59495K, committed 60096K, reserved 1114112K
  class space    used 8151K, committed 8448K, reserved 1048576K
}
Event: 17.111 GC heap after
{Heap after GC invocations=29 (full 0):
 garbage-first heap   total 159744K, used 53629K [0x0000000080000000, 0x0000000100000000)
  region size 1024K, 1 young (1024K), 1 survivors (1024K)
 Metaspace       used 59495K, committed 60096K, reserved 1114112K
  class space    used 8151K, committed 8448K, reserved 1048576K
}
Event: 18.424 GC heap before
{Heap before GC invocations=29 (full 0):
 garbage-first heap   total 159744K, used 104829K [0x0000000080000000, 0x0000000100000000)
  region size 1024K, 51 young (52224K), 1 survivors (1024K)
 Metaspace       used 64779K, committed 65344K, reserved 1114112K
  class space    used 8708K, committed 8960K, reserved 1048576K
}
Event: 18.430 GC heap after
{Heap after GC invocations=30 (full 0):
 garbage-first heap   total 159744K, used 54958K [0x0000000080000000, 0x0000000100000000)
  region size 1024K, 2 young (2048K), 2 survivors (2048K)
 Metaspace       used 64779K, committed 65344K, reserved 1114112K
  class space    used 8708K, committed 8960K, reserved 1048576K
}
Event: 19.974 GC heap before
{Heap before GC invocations=30 (full 0):
 garbage-first heap   total 159744K, used 117422K [0x0000000080000000, 0x0000000100000000)
  region size 1024K, 58 young (59392K), 2 survivors (2048K)
 Metaspace       used 69892K, committed 70528K, reserved 1114112K
  class space    used 9414K, committed 9728K, reserved 1048576K
}
Event: 19.985 GC heap after
{Heap after GC invocations=31 (full 0):
 garbage-first heap   total 159744K, used 61027K [0x0000000080000000, 0x0000000100000000)
  region size 1024K, 7 young (7168K), 7 survivors (7168K)
 Metaspace       used 69892K, committed 70528K, reserved 1114112K
  class space    used 9414K, committed 9728K, reserved 1048576K
}
Event: 21.347 GC heap before
{Heap before GC invocations=31 (full 0):
 garbage-first heap   total 159744K, used 115299K [0x0000000080000000, 0x0000000100000000)
  region size 1024K, 61 young (62464K), 7 survivors (7168K)
 Metaspace       used 74583K, committed 75200K, reserved 1114112K
  class space    used 10061K, committed 10368K, reserved 1048576K
}
Event: 21.359 GC heap after
{Heap after GC invocations=32 (full 0):
 garbage-first heap   total 159744K, used 63746K [0x0000000080000000, 0x0000000100000000)
  region size 1024K, 3 young (3072K), 3 survivors (3072K)
 Metaspace       used 74583K, committed 75200K, reserved 1114112K
  class space    used 10061K, committed 10368K, reserved 1048576K
}

