# JRE version: OpenJDK Runtime Environment (17.0.10) (build 17.0.10+0--11609105)
# Java VM: OpenJDK 64-Bit Server VM (17.0.10+0--11609105, mixed mode, tiered, compressed oops, compressed class ptrs, g1 gc, windows-amd64)
GC Precious Log:
 CPUs: 4 total, 4 available
 Memory: 7900M
 Large Page Support: Disabled
 NUMA Support: Disabled
 Compressed Oops: Enabled (32-bit)
 Heap Region Size: 1M
 Heap Min Capacity: 8M
 Heap Initial Capacity: 124M
 Heap Max Capacity: 2G
 Pre-touch: Disabled
 Parallel Workers: 4
 Concurrent Workers: 1
 Concurrent Refinement Workers: 4
 Periodic GC: Disabled
Heap:
 garbage-first heap   total 155648K, used 99359K [0x0000000080000000, 0x0000000100000000)
  region size 1024K, 32 young (32768K), 4 survivors (4096K)
 Metaspace       used 90277K, committed 90944K, reserved 1179648K
  class space    used 12504K, committed 12864K, reserved 1048576K
GC Heap History (20 events):
Event: 18.289 GC heap before
{Heap before GC invocations=24 (full 0):
 garbage-first heap   total 97280K, used 56469K [0x0000000080000000, 0x0000000100000000)
  region size 1024K, 4 young (4096K), 2 survivors (2048K)
 Metaspace       used 60014K, committed 60608K, reserved 1114112K
  class space    used 8231K, committed 8512K, reserved 1048576K
}
Event: 18.293 GC heap after
{Heap after GC invocations=25 (full 0):
 garbage-first heap   total 97280K, used 53840K [0x0000000080000000, 0x0000000100000000)
  region size 1024K, 1 young (1024K), 1 survivors (1024K)
 Metaspace       used 60014K, committed 60608K, reserved 1114112K
  class space    used 8231K, committed 8512K, reserved 1048576K
}
Event: 18.816 GC heap before
{Heap before GC invocations=25 (full 0):
 garbage-first heap   total 97280K, used 73296K [0x0000000080000000, 0x0000000100000000)
  region size 1024K, 21 young (21504K), 1 survivors (1024K)
 Metaspace       used 61999K, committed 62592K, reserved 1114112K
  class space    used 8432K, committed 8704K, reserved 1048576K
}
Event: 18.819 GC heap after
{Heap after GC invocations=26 (full 0):
 garbage-first heap   total 155648K, used 54347K [0x0000000080000000, 0x0000000100000000)
  region size 1024K, 1 young (1024K), 1 survivors (1024K)
 Metaspace       used 61999K, committed 62592K, reserved 1114112K
  class space    used 8432K, committed 8704K, reserved 1048576K
}
Event: 20.702 GC heap before
{Heap before GC invocations=27 (full 0):
 garbage-first heap   total 155648K, used 112715K [0x0000000080000000, 0x0000000100000000)
  region size 1024K, 57 young (58368K), 1 survivors (1024K)
 Metaspace       used 68672K, committed 69312K, reserved 1114112K
  class space    used 9257K, committed 9536K, reserved 1048576K
}
Event: 20.710 GC heap after
{Heap after GC invocations=28 (full 0):
 garbage-first heap   total 155648K, used 58308K [0x0000000080000000, 0x0000000100000000)
  region size 1024K, 4 young (4096K), 4 survivors (4096K)
 Metaspace       used 68672K, committed 69312K, reserved 1114112K
  class space    used 9257K, committed 9536K, reserved 1048576K
}
Event: 20.723 GC heap before
{Heap before GC invocations=28 (full 0):
 garbage-first heap   total 155648K, used 64452K [0x0000000080000000, 0x0000000100000000)
  region size 1024K, 7 young (7168K), 4 survivors (4096K)
 Metaspace       used 68672K, committed 69312K, reserved 1114112K
  class space    used 9257K, committed 9536K, reserved 1048576K
}
Event: 20.731 GC heap after
{Heap after GC invocations=29 (full 0):
 garbage-first heap   total 155648K, used 61219K [0x0000000080000000, 0x0000000100000000)
  region size 1024K, 1 young (1024K), 1 survivors (1024K)
 Metaspace       used 68672K, committed 69312K, reserved 1114112K
  class space    used 9257K, committed 9536K, reserved 1048576K
}
Event: 22.217 GC heap before
{Heap before GC invocations=29 (full 0):
 garbage-first heap   total 155648K, used 118563K [0x0000000080000000, 0x0000000100000000)
  region size 1024K, 56 young (57344K), 1 survivors (1024K)
 Metaspace       used 72307K, committed 72832K, reserved 1114112K
  class space    used 9730K, committed 9984K, reserved 1048576K
}
Event: 22.226 GC heap after
{Heap after GC invocations=30 (full 0):
 garbage-first heap   total 155648K, used 64392K [0x0000000080000000, 0x0000000100000000)
  region size 1024K, 5 young (5120K), 5 survivors (5120K)
 Metaspace       used 72307K, committed 72832K, reserved 1114112K
  class space    used 9730K, committed 9984K, reserved 1048576K
}
Event: 23.389 GC heap before
{Heap before GC invocations=30 (full 0):
 garbage-first heap   total 155648K, used 118664K [0x0000000080000000, 0x0000000100000000)
  region size 1024K, 59 young (60416K), 5 survivors (5120K)
 Metaspace       used 76887K, committed 77440K, reserved 1179648K
  class space    used 10370K, committed 10624K, reserved 1048576K
}
Event: 23.405 GC heap after
{Heap after GC invocations=31 (full 0):
 garbage-first heap   total 155648K, used 68601K [0x0000000080000000, 0x0000000100000000)
  region size 1024K, 8 young (8192K), 8 survivors (8192K)
 Metaspace       used 76887K, committed 77440K, reserved 1179648K
  class space    used 10370K, committed 10624K, reserved 1048576K
}
Event: 24.302 GC heap before
{Heap before GC invocations=31 (full 0):
 garbage-first heap   total 155648K, used 107513K [0x0000000080000000, 0x0000000100000000)
  region size 1024K, 47 young (48128K), 8 survivors (8192K)
 Metaspace       used 79785K, committed 80320K, reserved 1179648K
  class space    used 10762K, committed 11008K, reserved 1048576K
}
Event: 24.314 GC heap after
{Heap after GC invocations=32 (full 0):
 garbage-first heap   total 155648K, used 70373K [0x0000000080000000, 0x0000000100000000)
  region size 1024K, 2 young (2048K), 2 survivors (2048K)
 Metaspace       used 79785K, committed 80320K, reserved 1179648K
  class space    used 10762K, committed 11008K, reserved 1048576K
}
Event: 25.532 GC heap before
{Heap before GC invocations=33 (full 0):
 garbage-first heap   total 155648K, used 122597K [0x0000000080000000, 0x0000000100000000)
  region size 1024K, 54 young (55296K), 2 survivors (2048K)
 Metaspace       used 83539K, committed 84160K, reserved 1179648K
  class space    used 11495K, committed 11840K, reserved 1048576K
}
Event: 25.539 GC heap after
{Heap after GC invocations=34 (full 0):
 garbage-first heap   total 155648K, used 69485K [0x0000000080000000, 0x0000000100000000)
  region size 1024K, 4 young (4096K), 4 survivors (4096K)
 Metaspace       used 83539K, committed 84160K, reserved 1179648K
  class space    used 11495K, committed 11840K, reserved 1048576K
}
Event: 25.601 GC heap before
{Heap before GC invocations=34 (full 0):
 garbage-first heap   total 155648K, used 72557K [0x0000000080000000, 0x0000000100000000)
  region size 1024K, 7 young (7168K), 4 survivors (4096K)
 Metaspace       used 83752K, committed 84352K, reserved 1179648K
  class space    used 11530K, committed 11840K, reserved 1048576K
}
Event: 25.609 GC heap after
{Heap after GC invocations=35 (full 0):
 garbage-first heap   total 155648K, used 68823K [0x0000000080000000, 0x0000000100000000)
  region size 1024K, 1 young (1024K), 1 survivors (1024K)
 Metaspace       used 83752K, committed 84352K, reserved 1179648K
  class space    used 11530K, committed 11840K, reserved 1048576K
}
Event: 27.297 GC heap before
{Heap before GC invocations=35 (full 0):
 garbage-first heap   total 155648K, used 125143K [0x0000000080000000, 0x0000000100000000)
  region size 1024K, 56 young (57344K), 1 survivors (1024K)
 Metaspace       used 87991K, committed 88704K, reserved 1179648K
  class space    used 12122K, committed 12480K, reserved 1048576K
}
Event: 27.307 GC heap after
{Heap after GC invocations=36 (full 0):
 garbage-first heap   total 155648K, used 71711K [0x0000000080000000, 0x0000000100000000)
  region size 1024K, 4 young (4096K), 4 survivors (4096K)
 Metaspace       used 87991K, committed 88704K, reserved 1179648K
  class space    used 12122K, committed 12480K, reserved 1048576K
}

