# JRE version: OpenJDK Runtime Environment (17.0.10) (build 17.0.10+0--11609105)
# Java VM: OpenJDK 64-Bit Server VM (17.0.10+0--11609105, mixed mode, tiered, compressed oops, compressed class ptrs, g1 gc, windows-amd64)
GC Precious Log:
 CPUs: 4 total, 4 available
 Memory: 7900M
 Large Page Support: Disabled
 NUMA Support: Disabled
 Compressed Oops: Enabled (32-bit)
 Heap Region Size: 1M
 Heap Min Capacity: 8M
 Heap Initial Capacity: 124M
 Heap Max Capacity: 2G
 Pre-touch: Disabled
 Parallel Workers: 4
 Concurrent Workers: 1
 Concurrent Refinement Workers: 4
 Periodic GC: Disabled
Heap:
 garbage-first heap   total 179200K, used 138779K [0x0000000080000000, 0x0000000100000000)
  region size 1024K, 31 young (31744K), 5 survivors (5120K)
 Metaspace       used 114138K, committed 114944K, reserved 1179648K
  class space    used 15492K, committed 15872K, reserved 1048576K
GC Heap History (20 events):
Event: 41.481 GC heap before
{Heap before GC invocations=37 (full 0):
 garbage-first heap   total 179200K, used 139494K [0x0000000080000000, 0x0000000100000000)
  region size 1024K, 77 young (78848K), 2 survivors (2048K)
 Metaspace       used 82352K, committed 83008K, reserved 1179648K
  class space    used 11076K, committed 11392K, reserved 1048576K
}
Event: 41.492 GC heap after
{Heap after GC invocations=38 (full 0):
 garbage-first heap   total 179200K, used 67683K [0x0000000080000000, 0x0000000100000000)
  region size 1024K, 7 young (7168K), 7 survivors (7168K)
 Metaspace       used 82352K, committed 83008K, reserved 1179648K
  class space    used 11076K, committed 11392K, reserved 1048576K
}
Event: 43.931 GC heap before
{Heap before GC invocations=38 (full 0):
 garbage-first heap   total 179200K, used 141411K [0x0000000080000000, 0x0000000100000000)
  region size 1024K, 78 young (79872K), 7 survivors (7168K)
 Metaspace       used 87535K, committed 88192K, reserved 1179648K
  class space    used 11889K, committed 12224K, reserved 1048576K
}
Event: 43.945 GC heap after
{Heap after GC invocations=39 (full 0):
 garbage-first heap   total 179200K, used 70198K [0x0000000080000000, 0x0000000100000000)
  region size 1024K, 3 young (3072K), 3 survivors (3072K)
 Metaspace       used 87535K, committed 88192K, reserved 1179648K
  class space    used 11889K, committed 12224K, reserved 1048576K
}
Event: 46.562 GC heap before
{Heap before GC invocations=39 (full 0):
 garbage-first heap   total 179200K, used 144950K [0x0000000080000000, 0x0000000100000000)
  region size 1024K, 76 young (77824K), 3 survivors (3072K)
 Metaspace       used 93166K, committed 93888K, reserved 1179648K
  class space    used 12775K, committed 13120K, reserved 1048576K
}
Event: 46.584 GC heap after
{Heap after GC invocations=40 (full 0):
 garbage-first heap   total 179200K, used 73526K [0x0000000080000000, 0x0000000100000000)
  region size 1024K, 6 young (6144K), 6 survivors (6144K)
 Metaspace       used 93166K, committed 93888K, reserved 1179648K
  class space    used 12775K, committed 13120K, reserved 1048576K
}
Event: 48.984 GC heap before
{Heap before GC invocations=40 (full 0):
 garbage-first heap   total 179200K, used 146230K [0x0000000080000000, 0x0000000100000000)
  region size 1024K, 77 young (78848K), 6 survivors (6144K)
 Metaspace       used 98972K, committed 99648K, reserved 1179648K
  class space    used 13619K, committed 13952K, reserved 1048576K
}
Event: 49.000 GC heap after
{Heap after GC invocations=41 (full 0):
 garbage-first heap   total 179200K, used 77868K [0x0000000080000000, 0x0000000100000000)
  region size 1024K, 9 young (9216K), 9 survivors (9216K)
 Metaspace       used 98972K, committed 99648K, reserved 1179648K
  class space    used 13619K, committed 13952K, reserved 1048576K
}
Event: 51.241 GC heap before
{Heap before GC invocations=41 (full 0):
 garbage-first heap   total 179200K, used 150572K [0x0000000080000000, 0x0000000100000000)
  region size 1024K, 76 young (77824K), 9 survivors (9216K)
 Metaspace       used 103140K, committed 103872K, reserved 1179648K
  class space    used 14109K, committed 14464K, reserved 1048576K
}
Event: 51.266 GC heap after
{Heap after GC invocations=42 (full 0):
 garbage-first heap   total 179200K, used 85477K [0x0000000080000000, 0x0000000100000000)
  region size 1024K, 10 young (10240K), 10 survivors (10240K)
 Metaspace       used 103140K, committed 103872K, reserved 1179648K
  class space    used 14109K, committed 14464K, reserved 1048576K
}
Event: 53.127 GC heap before
{Heap before GC invocations=42 (full 0):
 garbage-first heap   total 179200K, used 143845K [0x0000000080000000, 0x0000000100000000)
  region size 1024K, 68 young (69632K), 10 survivors (10240K)
 Metaspace       used 103734K, committed 104448K, reserved 1179648K
  class space    used 14161K, committed 14528K, reserved 1048576K
}
Event: 53.148 GC heap after
{Heap after GC invocations=43 (full 0):
 garbage-first heap   total 179200K, used 91172K [0x0000000080000000, 0x0000000100000000)
  region size 1024K, 6 young (6144K), 6 survivors (6144K)
 Metaspace       used 103734K, committed 104448K, reserved 1179648K
  class space    used 14161K, committed 14528K, reserved 1048576K
}
Event: 54.371 GC heap before
{Heap before GC invocations=43 (full 0):
 garbage-first heap   total 179200K, used 144420K [0x0000000080000000, 0x0000000100000000)
  region size 1024K, 59 young (60416K), 6 survivors (6144K)
 Metaspace       used 104634K, committed 105344K, reserved 1179648K
  class space    used 14295K, committed 14656K, reserved 1048576K
}
Event: 54.385 GC heap after
{Heap after GC invocations=44 (full 0):
 garbage-first heap   total 179200K, used 94406K [0x0000000080000000, 0x0000000100000000)
  region size 1024K, 6 young (6144K), 6 survivors (6144K)
 Metaspace       used 104634K, committed 105344K, reserved 1179648K
  class space    used 14295K, committed 14656K, reserved 1048576K
}
Event: 56.265 GC heap before
{Heap before GC invocations=44 (full 0):
 garbage-first heap   total 179200K, used 147654K [0x0000000080000000, 0x0000000100000000)
  region size 1024K, 57 young (58368K), 6 survivors (6144K)
 Metaspace       used 111470K, committed 112192K, reserved 1179648K
  class space    used 15175K, committed 15552K, reserved 1048576K
}
Event: 56.283 GC heap after
{Heap after GC invocations=45 (full 0):
 garbage-first heap   total 179200K, used 103410K [0x0000000080000000, 0x0000000100000000)
  region size 1024K, 8 young (8192K), 8 survivors (8192K)
 Metaspace       used 111470K, committed 112192K, reserved 1179648K
  class space    used 15175K, committed 15552K, reserved 1048576K
}
Event: 57.914 GC heap before
{Heap before GC invocations=45 (full 0):
 garbage-first heap   total 179200K, used 145394K [0x0000000080000000, 0x0000000100000000)
  region size 1024K, 49 young (50176K), 8 survivors (8192K)
 Metaspace       used 113320K, committed 114048K, reserved 1179648K
  class space    used 15400K, committed 15744K, reserved 1048576K
}
Event: 57.937 GC heap after
{Heap after GC invocations=46 (full 0):
 garbage-first heap   total 179200K, used 111036K [0x0000000080000000, 0x0000000100000000)
  region size 1024K, 7 young (7168K), 7 survivors (7168K)
 Metaspace       used 113320K, committed 114048K, reserved 1179648K
  class space    used 15400K, committed 15744K, reserved 1048576K
}
Event: 60.809 GC heap before
{Heap before GC invocations=46 (full 0):
 garbage-first heap   total 179200K, used 143804K [0x0000000080000000, 0x0000000100000000)
  region size 1024K, 40 young (40960K), 7 survivors (7168K)
 Metaspace       used 114098K, committed 114880K, reserved 1179648K
  class space    used 15488K, committed 15872K, reserved 1048576K
}
Event: 60.839 GC heap after
{Heap after GC invocations=47 (full 0):
 garbage-first heap   total 179200K, used 114203K [0x0000000080000000, 0x0000000100000000)
  region size 1024K, 5 young (5120K), 5 survivors (5120K)
 Metaspace       used 114098K, committed 114880K, reserved 1179648K
  class space    used 15488K, committed 15872K, reserved 1048576K
}

