# JRE version: OpenJDK Runtime Environment (21.0.5) (build 21.0.5+-12932927-b750.29)
# Java VM: OpenJDK 64-Bit Server VM (21.0.5+-12932927-b750.29, mixed mode, tiered, compressed oops, compressed class ptrs, g1 gc, windows-amd64)
GC Precious Log:
 CardTable entry size: 512
 Card Set container configuration: InlinePtr #cards 5 size 8 Array Of Cards #cards 12 size 40 Howl #buckets 4 coarsen threshold 1843 Howl Bitmap #cards 512 size 80 coarsen threshold 460 Card regions per heap region 1 cards per card region 2048
 CPUs: 4 total, 4 available
 Memory: 7900M
 Large Page Support: Disabled
 NUMA Support: Disabled
 Compressed Oops: Enabled (32-bit)
 Heap Region Size: 1M
 Heap Min Capacity: 8M
 Heap Initial Capacity: 124M
 Heap Max Capacity: 2G
 Pre-touch: Disabled
 Parallel Workers: 4
 Concurrent Workers: 1
 Concurrent Refinement Workers: 4
 Periodic GC: Disabled
Heap:
 garbage-first heap   total 230400K, used 153543K [0x0000000080000000, 0x0000000100000000)
  region size 1024K, 8 young (8192K), 8 survivors (8192K)
 Metaspace       used 119799K, committed 121984K, reserved 1179648K
  class space    used 16015K, committed 17088K, reserved 1048576K
GC Heap History (20 events):
Event: 44.082 GC heap after
{Heap after GC invocations=48 (full 0):
 garbage-first heap   total 155648K, used 94079K [0x0000000080000000, 0x0000000100000000)
  region size 1024K, 3 young (3072K), 3 survivors (3072K)
 Metaspace       used 108475K, committed 110592K, reserved 1179648K
  class space    used 14531K, committed 15616K, reserved 1048576K
}
Event: 46.246 GC heap before
{Heap before GC invocations=48 (full 0):
 garbage-first heap   total 155648K, used 140159K [0x0000000080000000, 0x0000000100000000)
  region size 1024K, 48 young (49152K), 3 survivors (3072K)
 Metaspace       used 108963K, committed 111040K, reserved 1179648K
  class space    used 14557K, committed 15616K, reserved 1048576K
}
Event: 46.258 GC heap after
{Heap after GC invocations=49 (full 0):
 garbage-first heap   total 155648K, used 94534K [0x0000000080000000, 0x0000000100000000)
  region size 1024K, 5 young (5120K), 5 survivors (5120K)
 Metaspace       used 108963K, committed 111040K, reserved 1179648K
  class space    used 14557K, committed 15616K, reserved 1048576K
}
Event: 48.361 GC heap before
{Heap before GC invocations=49 (full 0):
 garbage-first heap   total 155648K, used 140614K [0x0000000080000000, 0x0000000100000000)
  region size 1024K, 50 young (51200K), 5 survivors (5120K)
 Metaspace       used 109169K, committed 111232K, reserved 1179648K
  class space    used 14566K, committed 15616K, reserved 1048576K
}
Event: 48.370 GC heap after
{Heap after GC invocations=50 (full 0):
 garbage-first heap   total 155648K, used 95076K [0x0000000080000000, 0x0000000100000000)
  region size 1024K, 4 young (4096K), 4 survivors (4096K)
 Metaspace       used 109169K, committed 111232K, reserved 1179648K
  class space    used 14566K, committed 15616K, reserved 1048576K
}
Event: 49.585 GC heap before
{Heap before GC invocations=51 (full 0):
 garbage-first heap   total 158720K, used 140132K [0x0000000080000000, 0x0000000100000000)
  region size 1024K, 49 young (50176K), 4 survivors (4096K)
 Metaspace       used 109818K, committed 112000K, reserved 1179648K
  class space    used 14638K, committed 15744K, reserved 1048576K
}
Event: 49.595 GC heap after
{Heap after GC invocations=52 (full 0):
 garbage-first heap   total 158720K, used 97051K [0x0000000080000000, 0x0000000100000000)
  region size 1024K, 6 young (6144K), 6 survivors (6144K)
 Metaspace       used 109818K, committed 112000K, reserved 1179648K
  class space    used 14638K, committed 15744K, reserved 1048576K
}
Event: 50.402 GC heap before
{Heap before GC invocations=52 (full 0):
 garbage-first heap   total 158720K, used 143131K [0x0000000080000000, 0x0000000100000000)
  region size 1024K, 50 young (51200K), 6 survivors (6144K)
 Metaspace       used 110633K, committed 112768K, reserved 1179648K
  class space    used 14747K, committed 15808K, reserved 1048576K
}
Event: 50.417 GC heap after
{Heap after GC invocations=53 (full 0):
 garbage-first heap   total 193536K, used 104962K [0x0000000080000000, 0x0000000100000000)
  region size 1024K, 7 young (7168K), 7 survivors (7168K)
 Metaspace       used 110633K, committed 112768K, reserved 1179648K
  class space    used 14747K, committed 15808K, reserved 1048576K
}
Event: 51.700 GC heap before
{Heap before GC invocations=53 (full 0):
 garbage-first heap   total 193536K, used 167426K [0x0000000080000000, 0x0000000100000000)
  region size 1024K, 69 young (70656K), 7 survivors (7168K)
 Metaspace       used 114372K, committed 116480K, reserved 1179648K
  class space    used 15258K, committed 16320K, reserved 1048576K
}
Event: 51.714 GC heap after
{Heap after GC invocations=54 (full 0):
 garbage-first heap   total 193536K, used 113155K [0x0000000080000000, 0x0000000100000000)
  region size 1024K, 9 young (9216K), 9 survivors (9216K)
 Metaspace       used 114372K, committed 116480K, reserved 1179648K
  class space    used 15258K, committed 16320K, reserved 1048576K
}
Event: 52.361 GC heap before
{Heap before GC invocations=55 (full 0):
 garbage-first heap   total 193536K, used 166403K [0x0000000080000000, 0x0000000100000000)
  region size 1024K, 62 young (63488K), 9 survivors (9216K)
 Metaspace       used 114696K, committed 116800K, reserved 1179648K
  class space    used 15293K, committed 16384K, reserved 1048576K
}
Event: 52.390 GC heap after
{Heap after GC invocations=56 (full 0):
 garbage-first heap   total 193536K, used 122823K [0x0000000080000000, 0x0000000100000000)
  region size 1024K, 8 young (8192K), 8 survivors (8192K)
 Metaspace       used 114696K, committed 116800K, reserved 1179648K
  class space    used 15293K, committed 16384K, reserved 1048576K
}
Event: 53.309 GC heap before
{Heap before GC invocations=56 (full 0):
 garbage-first heap   total 193536K, used 169927K [0x0000000080000000, 0x0000000100000000)
  region size 1024K, 55 young (56320K), 8 survivors (8192K)
 Metaspace       used 116927K, committed 118976K, reserved 1179648K
  class space    used 15651K, committed 16704K, reserved 1048576K
}
Event: 53.342 GC heap after
{Heap after GC invocations=57 (full 0):
 garbage-first heap   total 193536K, used 129882K [0x0000000080000000, 0x0000000100000000)
  region size 1024K, 7 young (7168K), 7 survivors (7168K)
 Metaspace       used 116927K, committed 118976K, reserved 1179648K
  class space    used 15651K, committed 16704K, reserved 1048576K
}
Event: 54.507 GC heap before
{Heap before GC invocations=57 (full 0):
 garbage-first heap   total 193536K, used 171866K [0x0000000080000000, 0x0000000100000000)
  region size 1024K, 49 young (50176K), 7 survivors (7168K)
 Metaspace       used 118532K, committed 120640K, reserved 1179648K
  class space    used 15832K, committed 16896K, reserved 1048576K
}
Event: 54.535 GC heap after
{Heap after GC invocations=58 (full 0):
 garbage-first heap   total 193536K, used 138129K [0x0000000080000000, 0x0000000100000000)
  region size 1024K, 7 young (7168K), 7 survivors (7168K)
 Metaspace       used 118532K, committed 120640K, reserved 1179648K
  class space    used 15832K, committed 16896K, reserved 1048576K
}
Event: 55.451 GC heap before
{Heap before GC invocations=59 (full 0):
 garbage-first heap   total 230400K, used 172945K [0x0000000080000000, 0x0000000100000000)
  region size 1024K, 42 young (43008K), 7 survivors (7168K)
 Metaspace       used 119244K, committed 121408K, reserved 1179648K
  class space    used 15930K, committed 17024K, reserved 1048576K
}
Event: 55.498 GC heap after
{Heap after GC invocations=60 (full 0):
 garbage-first heap   total 230400K, used 144712K [0x0000000080000000, 0x0000000100000000)
  region size 1024K, 6 young (6144K), 6 survivors (6144K)
 Metaspace       used 119244K, committed 121408K, reserved 1179648K
  class space    used 15930K, committed 17024K, reserved 1048576K
}
Event: 56.396 GC heap before
{Heap before GC invocations=60 (full 0):
 garbage-first heap   total 230400K, used 202056K [0x0000000080000000, 0x0000000100000000)
  region size 1024K, 62 young (63488K), 6 survivors (6144K)
 Metaspace       used 119799K, committed 121984K, reserved 1179648K
  class space    used 16015K, committed 17088K, reserved 1048576K
}

